[debug] [2025-08-04T04:07:34.676Z] ----------------------------------------------------------------------
[debug] [2025-08-04T04:07:34.683Z] Command:       C:\Program Files\nodejs\node.exe C:\Users\Administrator\AppData\Roaming\npm\node_modules\firebase-tools\lib\bin\firebase.js init
[debug] [2025-08-04T04:07:34.684Z] CLI Version:   14.11.2
[debug] [2025-08-04T04:07:34.684Z] Platform:      win32
[debug] [2025-08-04T04:07:34.684Z] Node Version:  v22.15.0
[debug] [2025-08-04T04:07:34.684Z] Time:          Mon Aug 04 2025 13:07:34 GMT+0900 (대한민국 표준시)
[debug] [2025-08-04T04:07:34.684Z] ----------------------------------------------------------------------
[debug] 
[debug] [2025-08-04T04:07:34.934Z] > command requires scopes: ["email","openid","https://www.googleapis.com/auth/cloudplatformprojects.readonly","https://www.googleapis.com/auth/firebase","https://www.googleapis.com/auth/cloud-platform"]
[debug] [2025-08-04T04:07:34.934Z] > authorizing via signed-in user (arang9314@gmail.com)
[info] 
     ######## #### ########  ######## ########     ###     ######  ########
     ##        ##  ##     ## ##       ##     ##  ##   ##  ##       ##
     ######    ##  ########  ######   ########  #########  ######  ######
     ##        ##  ##    ##  ##       ##     ## ##     ##       ## ##
     ##       #### ##     ## ######## ########  ##     ##  ######  ########

You're about to initialize a Firebase project in this directory:

  E:\선행학습_아랑\06_react\green-x

Before we get started, keep in mind:

  * You are initializing within an existing Firebase project directory

[debug] [2025-08-04T04:08:28.534Z] ExitPromptError: User force closed the prompt with SIGINT
    at Interface.sigint (C:\Users\Administrator\AppData\Roaming\npm\node_modules\firebase-tools\node_modules\@inquirer\core\dist\commonjs\lib\create-prompt.js:101:37)
    at Interface.emit (node:events:518:28)
    at Interface.emit (node:domain:489:12)
    at [_ttyWrite] [as _ttyWrite] (node:internal/readline/interface:1128:18)
    at ReadStream.onkeypress (node:internal/readline/interface:267:20)
    at ReadStream.emit (node:events:530:35)
    at ReadStream.emit (node:domain:489:12)
    at emitKeys (node:internal/readline/utils:370:14)
    at emitKeys.next (<anonymous>)
    at ReadStream.onData (node:internal/readline/emitKeypressEvents:64:36)
[error] 
[error] Error: An unexpected error has occurred.
[debug] [2025-08-04T04:09:55.484Z] ----------------------------------------------------------------------
[debug] [2025-08-04T04:09:55.487Z] Command:       C:\Program Files\nodejs\node.exe C:\Users\Administrator\AppData\Roaming\npm\node_modules\firebase-tools\lib\bin\firebase.js init
[debug] [2025-08-04T04:09:55.487Z] CLI Version:   14.11.2
[debug] [2025-08-04T04:09:55.487Z] Platform:      win32
[debug] [2025-08-04T04:09:55.488Z] Node Version:  v22.15.0
[debug] [2025-08-04T04:09:55.488Z] Time:          Mon Aug 04 2025 13:09:55 GMT+0900 (대한민국 표준시)
[debug] [2025-08-04T04:09:55.488Z] ----------------------------------------------------------------------
[debug] 
[debug] [2025-08-04T04:09:55.494Z] > command requires scopes: ["email","openid","https://www.googleapis.com/auth/cloudplatformprojects.readonly","https://www.googleapis.com/auth/firebase","https://www.googleapis.com/auth/cloud-platform"]
[debug] [2025-08-04T04:09:55.495Z] > authorizing via signed-in user (arang9314@gmail.com)
[info] 
     ######## #### ########  ######## ########     ###     ######  ########
     ##        ##  ##     ## ##       ##     ##  ##   ##  ##       ##
     ######    ##  ########  ######   ########  #########  ######  ######
     ##        ##  ##    ##  ##       ##     ## ##     ##       ## ##
     ##       #### ##     ## ######## ########  ##     ##  ######  ########

You're about to initialize a Firebase project in this directory:

  E:\선행학습_아랑\06_react\green-x

[info] 
=== Project Setup
[info] 
[info] First, let's associate this project directory with a Firebase project.
[info] You can create multiple project aliases by running firebase use --add, 
[info] but for now we'll just set up a default project.
[info] 
[debug] [2025-08-04T04:11:37.267Z] Checked if tokens are valid: true, expires at: 1754282526807
[debug] [2025-08-04T04:11:37.267Z] Checked if tokens are valid: true, expires at: 1754282526807
[debug] [2025-08-04T04:11:37.269Z] >>> [apiv2][query] GET https://firebase.googleapis.com/v1beta1/projects pageSize=100
[debug] [2025-08-04T04:11:38.118Z] <<< [apiv2][status] GET https://firebase.googleapis.com/v1beta1/projects 200
[debug] [2025-08-04T04:11:38.119Z] <<< [apiv2][body] GET https://firebase.googleapis.com/v1beta1/projects [omitted]
[info] i  Using project green-x-45de3 (green-x) 
[info] 
=== Hosting Setup
[debug] [2025-08-04T04:11:45.744Z] Checked if tokens are valid: true, expires at: 1754282526807
[debug] [2025-08-04T04:11:45.745Z] Checked if tokens are valid: true, expires at: 1754282526807
[debug] [2025-08-04T04:11:45.745Z] >>> [apiv2][query] GET https://firebase.googleapis.com/v1beta1/projects/green-x-45de3 [none]
[debug] [2025-08-04T04:11:46.702Z] <<< [apiv2][status] GET https://firebase.googleapis.com/v1beta1/projects/green-x-45de3 200
[debug] [2025-08-04T04:11:46.703Z] <<< [apiv2][body] GET https://firebase.googleapis.com/v1beta1/projects/green-x-45de3 {"projectId":"green-x-45de3","projectNumber":"279870984510","displayName":"green-x","name":"projects/green-x-45de3","resources":{"hostingSite":"green-x-45de3"},"state":"ACTIVE","etag":"1_92b2b7b9-048d-4676-9296-1270ed27e510"}
[info] 
[info] Your public directory is the folder (relative to your project directory) that
[info] will contain Hosting assets to be uploaded with firebase deploy. If you
[info] have a build process for your assets, use your build's output directory.
[info] 
